<?xml version="1.0" encoding="UTF-8"?>
<!-- Generated by org.testng.reporters.JUnitReportReporter -->
<testsuite hostname="INHYNBCG-224" failures="0" tests="1" name="vertex.CD.testcases.EmployeeTestP2" time="8.503" errors="0" timestamp="2023-08-31T12:22:14 IST" skipped="0">
  <testcase classname="vertex.CD.testcases.EmployeeTestP2" name="EmployeeRnDTestDDT" time="8.503"/>
  <system-out/>
</testsuite> <!-- vertex.CD.testcases.EmployeeTestP2 -->
