<?xml version="1.0" encoding="UTF-8"?>
<!-- Generated by org.testng.reporters.JUnitReportReporter -->
<testsuite skipped="0" hostname="WSAMZN-UV5HBAKG" name="vertex.CD.testcases.NewWorkOrderTest2" tests="1" failures="0" timestamp="2022-09-12T15:07:11 IST" time="10.868" errors="0">
  <testcase name="newWorkOrderTestDDT" time="10.868" classname="vertex.CD.testcases.NewWorkOrderTest2"/>
  <system-out/>
</testsuite> <!-- vertex.CD.testcases.NewWorkOrderTest2 -->
