<?xml version="1.0" encoding="UTF-8"?>
<!-- Generated by org.testng.reporters.JUnitReportReporter -->
<testsuite skipped="0" hostname="WSAMZN-UV5HBAKG" name="vertex.CD.testcases.NewWorkOrderTest_ExistingPolicy" tests="2" failures="0" timestamp="2022-09-26T12:09:00 IST" time="296.953" errors="0">
  <testcase name="loginTest" time="6.278" classname="vertex.CD.testcases.NewWorkOrderTest_ExistingPolicy"/>
  <system-out/>
  <testcase name="newWorkOrderTestDDT" time="290.675" classname="vertex.CD.testcases.NewWorkOrderTest_ExistingPolicy"/>
  <system-out/>
</testsuite> <!-- vertex.CD.testcases.NewWorkOrderTest_ExistingPolicy -->
