<?xml version="1.0" encoding="UTF-8"?>
<!-- Generated by org.testng.reporters.JUnitReportReporter -->
<testsuite hostname="INHYNBCG-224" failures="0" tests="1" name="vertex.CD.testcases.EmployeeRnDTest" time="19.851" errors="0" timestamp="2023-08-30T13:33:27 IST" skipped="0">
  <testcase classname="vertex.CD.testcases.EmployeeRnDTest" name="EmployeeRnDTestDDT" time="19.851"/>
  <system-out/>
</testsuite> <!-- vertex.CD.testcases.EmployeeRnDTest -->
