<?xml version="1.0" encoding="UTF-8"?>
<!-- Generated by org.testng.reporters.JUnitReportReporter -->
<testsuite hostname="INHYNBCG-224" failures="0" tests="1" name="vertex.CD.testcases.EmployeeTestP4" time="9.599" errors="0" timestamp="2023-08-31T12:22:14 IST" skipped="0">
  <testcase classname="vertex.CD.testcases.EmployeeTestP4" name="EmployeeRnDTestDDT" time="9.599"/>
  <system-out/>
</testsuite> <!-- vertex.CD.testcases.EmployeeTestP4 -->
