<?xml version="1.0" encoding="UTF-8"?>
<!-- Generated by org.testng.reporters.JUnitReportReporter -->
<testsuite skipped="0" hostname="WSAMZN-UV5HBAKG" name="vertex.CD.testcases.TCWorkOrderSearch" tests="2" failures="0" timestamp="2022-11-09T18:33:39 IST" time="39.206" errors="0">
  <testcase name="loginTest" time="12.025" classname="vertex.CD.testcases.TCWorkOrderSearch"/>
  <system-out/>
  <testcase name="newWorkOrderTestDDT" time="27.181" classname="vertex.CD.testcases.TCWorkOrderSearch"/>
  <system-out/>
</testsuite> <!-- vertex.CD.testcases.TCWorkOrderSearch -->
