<?xml version="1.0" encoding="UTF-8"?>
<!-- Generated by org.testng.reporters.JUnitReportReporter -->
<testsuite hostname="INHYNBCG-224" failures="0" tests="1" name="vertex.CD.testcases.LoginPageTest" time="9.851" errors="0" timestamp="2023-08-28T13:41:37 IST" skipped="0">
  <testcase classname="vertex.CD.testcases.LoginPageTest" name="loginTestDDT" time="9.851"/>
  <system-out/>
</testsuite> <!-- vertex.CD.testcases.LoginPageTest -->
